{"/var/www/nutridev/current/controllers/iaPlanController.js": {"path":"/var/www/nutridev/current/controllers/iaPlanController.js","statementMap":{"0":{"start":{"line":2,"column":14},"end":{"line":2,"column":30}},"1":{"start":{"line":3,"column":64},"end":{"line":3,"column":97}},"2":{"start":{"line":6,"column":12},"end":{"line":6,"column":53}},"3":{"start":{"line":6,"column":21},"end":{"line":6,"column":53}},"4":{"start":{"line":10,"column":2},"end":{"line":10,"column":37}},"5":{"start":{"line":10,"column":24},"end":{"line":10,"column":37}},"6":{"start":{"line":11,"column":14},"end":{"line":11,"column":24}},"7":{"start":{"line":12,"column":12},"end":{"line":12,"column":37}},"8":{"start":{"line":13,"column":13},"end":{"line":13,"column":48}},"9":{"start":{"line":14,"column":12},"end":{"line":14,"column":41}},"10":{"start":{"line":15,"column":2},"end":{"line":15,"column":64}},"11":{"start":{"line":15,"column":57},"end":{"line":15,"column":64}},"12":{"start":{"line":16,"column":2},"end":{"line":16,"column":24}},"13":{"start":{"line":22,"column":4},"end":{"line":30,"column":36}},"14":{"start":{"line":23,"column":22},"end":{"line":23,"column":59}},"15":{"start":{"line":25,"column":18},"end":{"line":25,"column":80}},"16":{"start":{"line":26,"column":21},"end":{"line":26,"column":68}},"17":{"start":{"line":27,"column":20},"end":{"line":27,"column":66}},"18":{"start":{"line":28,"column":8},"end":{"line":28,"column":39}},"19":{"start":{"line":32,"column":19},"end":{"line":32,"column":84}},"20":{"start":{"line":32,"column":44},"end":{"line":32,"column":57}},"21":{"start":{"line":34,"column":2},"end":{"line":60,"column":9}},"22":{"start":{"line":64,"column":2},"end":{"line":69,"column":4}},"23":{"start":{"line":72,"column":0},"end":{"line":166,"column":2}},"24":{"start":{"line":73,"column":2},"end":{"line":165,"column":3}},"25":{"start":{"line":74,"column":19},"end":{"line":74,"column":27}},"26":{"start":{"line":75,"column":4},"end":{"line":75,"column":47}},"27":{"start":{"line":75,"column":17},"end":{"line":75,"column":47}},"28":{"start":{"line":77,"column":23},"end":{"line":77,"column":68}},"29":{"start":{"line":78,"column":4},"end":{"line":83,"column":5}},"30":{"start":{"line":79,"column":18},"end":{"line":79,"column":45}},"31":{"start":{"line":80,"column":6},"end":{"line":80,"column":81}},"32":{"start":{"line":80,"column":26},"end":{"line":80,"column":81}},"33":{"start":{"line":81,"column":6},"end":{"line":81,"column":30}},"34":{"start":{"line":82,"column":6},"end":{"line":82,"column":34}},"35":{"start":{"line":86,"column":21},"end":{"line":92,"column":6}},"36":{"start":{"line":93,"column":4},"end":{"line":98,"column":5}},"37":{"start":{"line":94,"column":18},"end":{"line":94,"column":59}},"38":{"start":{"line":95,"column":6},"end":{"line":95,"column":81}},"39":{"start":{"line":95,"column":26},"end":{"line":95,"column":81}},"40":{"start":{"line":96,"column":6},"end":{"line":96,"column":30}},"41":{"start":{"line":97,"column":6},"end":{"line":97,"column":34}},"42":{"start":{"line":100,"column":19},"end":{"line":100,"column":46}},"43":{"start":{"line":101,"column":4},"end":{"line":106,"column":5}},"44":{"start":{"line":102,"column":18},"end":{"line":102,"column":70}},"45":{"start":{"line":103,"column":6},"end":{"line":103,"column":81}},"46":{"start":{"line":103,"column":26},"end":{"line":103,"column":81}},"47":{"start":{"line":104,"column":6},"end":{"line":104,"column":30}},"48":{"start":{"line":105,"column":6},"end":{"line":105,"column":34}},"49":{"start":{"line":109,"column":18},"end":{"line":109,"column":69}},"50":{"start":{"line":111,"column":19},"end":{"line":115,"column":5}},"51":{"start":{"line":118,"column":21},"end":{"line":136,"column":5}},"52":{"start":{"line":138,"column":15},"end":{"line":138,"column":59}},"53":{"start":{"line":139,"column":4},"end":{"line":144,"column":5}},"54":{"start":{"line":140,"column":18},"end":{"line":140,"column":48}},"55":{"start":{"line":141,"column":6},"end":{"line":141,"column":81}},"56":{"start":{"line":141,"column":26},"end":{"line":141,"column":81}},"57":{"start":{"line":142,"column":6},"end":{"line":142,"column":30}},"58":{"start":{"line":143,"column":6},"end":{"line":143,"column":34}},"59":{"start":{"line":147,"column":17},"end":{"line":153,"column":6}},"60":{"start":{"line":155,"column":4},"end":{"line":155,"column":86}},"61":{"start":{"line":155,"column":24},"end":{"line":155,"column":86}},"62":{"start":{"line":157,"column":4},"end":{"line":157,"column":62}},"63":{"start":{"line":158,"column":4},"end":{"line":158,"column":59}},"64":{"start":{"line":160,"column":4},"end":{"line":160,"column":110}},"65":{"start":{"line":161,"column":16},"end":{"line":161,"column":52}},"66":{"start":{"line":162,"column":4},"end":{"line":162,"column":79}},"67":{"start":{"line":162,"column":24},"end":{"line":162,"column":79}},"68":{"start":{"line":163,"column":4},"end":{"line":163,"column":28}},"69":{"start":{"line":164,"column":4},"end":{"line":164,"column":32}}},"fnMap":{"0":{"name":"(anonymous_0)","decl":{"start":{"line":6,"column":12},"end":{"line":6,"column":13}},"loc":{"start":{"line":6,"column":21},"end":{"line":6,"column":53}},"line":6},"1":{"name":"calcularEdad","decl":{"start":{"line":9,"column":9},"end":{"line":9,"column":21}},"loc":{"start":{"line":9,"column":39},"end":{"line":17,"column":1}},"line":9},"2":{"name":"buildPrompt","decl":{"start":{"line":20,"column":9},"end":{"line":20,"column":20}},"loc":{"start":{"line":20,"column":59},"end":{"line":61,"column":1}},"line":20},"3":{"name":"(anonymous_3)","decl":{"start":{"line":23,"column":12},"end":{"line":23,"column":13}},"loc":{"start":{"line":23,"column":22},"end":{"line":23,"column":59}},"line":23},"4":{"name":"(anonymous_4)","decl":{"start":{"line":24,"column":11},"end":{"line":24,"column":12}},"loc":{"start":{"line":24,"column":18},"end":{"line":29,"column":7}},"line":24},"5":{"name":"(anonymous_5)","decl":{"start":{"line":32,"column":37},"end":{"line":32,"column":38}},"loc":{"start":{"line":32,"column":44},"end":{"line":32,"column":57}},"line":32},"6":{"name":"wantsJSON","decl":{"start":{"line":63,"column":9},"end":{"line":63,"column":18}},"loc":{"start":{"line":63,"column":24},"end":{"line":70,"column":1}},"line":63},"7":{"name":"(anonymous_7)","decl":{"start":{"line":72,"column":22},"end":{"line":72,"column":23}},"loc":{"start":{"line":72,"column":42},"end":{"line":166,"column":1}},"line":72}},"branchMap":{"0":{"loc":{"start":{"line":6,"column":21},"end":{"line":6,"column":53}},"type":"binary-expr","locations":[{"start":{"line":6,"column":21},"end":{"line":6,"column":45}},{"start":{"line":6,"column":49},"end":{"line":6,"column":53}}],"line":6},"1":{"loc":{"start":{"line":10,"column":2},"end":{"line":10,"column":37}},"type":"if","locations":[{"start":{"line":10,"column":2},"end":{"line":10,"column":37}},{"start":{},"end":{}}],"line":10},"2":{"loc":{"start":{"line":15,"column":2},"end":{"line":15,"column":64}},"type":"if","locations":[{"start":{"line":15,"column":2},"end":{"line":15,"column":64}},{"start":{},"end":{}}],"line":15},"3":{"loc":{"start":{"line":15,"column":6},"end":{"line":15,"column":55}},"type":"binary-expr","locations":[{"start":{"line":15,"column":6},"end":{"line":15,"column":11}},{"start":{"line":15,"column":16},"end":{"line":15,"column":23}},{"start":{"line":15,"column":27},"end":{"line":15,"column":54}}],"line":15},"4":{"loc":{"start":{"line":20,"column":31},"end":{"line":20,"column":45}},"type":"default-arg","locations":[{"start":{"line":20,"column":43},"end":{"line":20,"column":45}}],"line":20},"5":{"loc":{"start":{"line":20,"column":47},"end":{"line":20,"column":57}},"type":"default-arg","locations":[{"start":{"line":20,"column":55},"end":{"line":20,"column":57}}],"line":20},"6":{"loc":{"start":{"line":22,"column":4},"end":{"line":30,"column":36}},"type":"binary-expr","locations":[{"start":{"line":22,"column":4},"end":{"line":30,"column":17}},{"start":{"line":30,"column":21},"end":{"line":30,"column":36}}],"line":22},"7":{"loc":{"start":{"line":22,"column":5},"end":{"line":22,"column":20}},"type":"binary-expr","locations":[{"start":{"line":22,"column":5},"end":{"line":22,"column":14}},{"start":{"line":22,"column":18},"end":{"line":22,"column":20}}],"line":22},"8":{"loc":{"start":{"line":25,"column":18},"end":{"line":25,"column":80}},"type":"cond-expr","locations":[{"start":{"line":25,"column":28},"end":{"line":25,"column":72}},{"start":{"line":25,"column":75},"end":{"line":25,"column":80}}],"line":25},"9":{"loc":{"start":{"line":26,"column":21},"end":{"line":26,"column":68}},"type":"cond-expr","locations":[{"start":{"line":26,"column":48},"end":{"line":26,"column":62}},{"start":{"line":26,"column":65},"end":{"line":26,"column":68}}],"line":26},"10":{"loc":{"start":{"line":26,"column":22},"end":{"line":26,"column":44}},"type":"binary-expr","locations":[{"start":{"line":26,"column":22},"end":{"line":26,"column":28}},{"start":{"line":26,"column":32},"end":{"line":26,"column":44}}],"line":26},"11":{"loc":{"start":{"line":27,"column":20},"end":{"line":27,"column":66}},"type":"cond-expr","locations":[{"start":{"line":27,"column":38},"end":{"line":27,"column":61}},{"start":{"line":27,"column":64},"end":{"line":27,"column":66}}],"line":27},"12":{"loc":{"start":{"line":32,"column":19},"end":{"line":32,"column":84}},"type":"binary-expr","locations":[{"start":{"line":32,"column":19},"end":{"line":32,"column":69}},{"start":{"line":32,"column":73},"end":{"line":32,"column":84}}],"line":32},"13":{"loc":{"start":{"line":32,"column":20},"end":{"line":32,"column":31}},"type":"binary-expr","locations":[{"start":{"line":32,"column":20},"end":{"line":32,"column":25}},{"start":{"line":32,"column":29},"end":{"line":32,"column":31}}],"line":32},"14":{"loc":{"start":{"line":42,"column":12},"end":{"line":42,"column":36}},"type":"binary-expr","locations":[{"start":{"line":42,"column":12},"end":{"line":42,"column":27}},{"start":{"line":42,"column":31},"end":{"line":42,"column":36}}],"line":42},"15":{"loc":{"start":{"line":43,"column":10},"end":{"line":43,"column":34}},"type":"binary-expr","locations":[{"start":{"line":43,"column":10},"end":{"line":43,"column":25}},{"start":{"line":43,"column":29},"end":{"line":43,"column":34}}],"line":43},"16":{"loc":{"start":{"line":45,"column":14},"end":{"line":45,"column":40}},"type":"binary-expr","locations":[{"start":{"line":45,"column":14},"end":{"line":45,"column":31}},{"start":{"line":45,"column":35},"end":{"line":45,"column":40}}],"line":45},"17":{"loc":{"start":{"line":46,"column":22},"end":{"line":46,"column":49}},"type":"binary-expr","locations":[{"start":{"line":46,"column":22},"end":{"line":46,"column":40}},{"start":{"line":46,"column":44},"end":{"line":46,"column":49}}],"line":46},"18":{"loc":{"start":{"line":47,"column":26},"end":{"line":47,"column":52}},"type":"binary-expr","locations":[{"start":{"line":47,"column":26},"end":{"line":47,"column":43}},{"start":{"line":47,"column":47},"end":{"line":47,"column":52}}],"line":47},"19":{"loc":{"start":{"line":48,"column":20},"end":{"line":48,"column":49}},"type":"binary-expr","locations":[{"start":{"line":48,"column":20},"end":{"line":48,"column":40}},{"start":{"line":48,"column":44},"end":{"line":48,"column":49}}],"line":48},"20":{"loc":{"start":{"line":49,"column":24},"end":{"line":49,"column":57}},"type":"binary-expr","locations":[{"start":{"line":49,"column":24},"end":{"line":49,"column":48}},{"start":{"line":49,"column":52},"end":{"line":49,"column":57}}],"line":49},"21":{"loc":{"start":{"line":50,"column":34},"end":{"line":50,"column":64}},"type":"binary-expr","locations":[{"start":{"line":50,"column":34},"end":{"line":50,"column":55}},{"start":{"line":50,"column":59},"end":{"line":50,"column":64}}],"line":50},"22":{"loc":{"start":{"line":51,"column":32},"end":{"line":51,"column":59}},"type":"binary-expr","locations":[{"start":{"line":51,"column":32},"end":{"line":51,"column":50}},{"start":{"line":51,"column":54},"end":{"line":51,"column":59}}],"line":51},"23":{"loc":{"start":{"line":65,"column":4},"end":{"line":68,"column":31}},"type":"binary-expr","locations":[{"start":{"line":65,"column":4},"end":{"line":65,"column":11}},{"start":{"line":66,"column":4},"end":{"line":66,"column":56}},{"start":{"line":67,"column":4},"end":{"line":67,"column":59}},{"start":{"line":68,"column":4},"end":{"line":68,"column":31}}],"line":65},"24":{"loc":{"start":{"line":67,"column":5},"end":{"line":67,"column":29}},"type":"binary-expr","locations":[{"start":{"line":67,"column":5},"end":{"line":67,"column":23}},{"start":{"line":67,"column":27},"end":{"line":67,"column":29}}],"line":67},"25":{"loc":{"start":{"line":75,"column":4},"end":{"line":75,"column":47}},"type":"if","locations":[{"start":{"line":75,"column":4},"end":{"line":75,"column":47}},{"start":{},"end":{}}],"line":75},"26":{"loc":{"start":{"line":77,"column":30},"end":{"line":77,"column":67}},"type":"binary-expr","locations":[{"start":{"line":77,"column":30},"end":{"line":77,"column":43}},{"start":{"line":77,"column":47},"end":{"line":77,"column":67}}],"line":77},"27":{"loc":{"start":{"line":78,"column":4},"end":{"line":83,"column":5}},"type":"if","locations":[{"start":{"line":78,"column":4},"end":{"line":83,"column":5}},{"start":{},"end":{}}],"line":78},"28":{"loc":{"start":{"line":80,"column":6},"end":{"line":80,"column":81}},"type":"if","locations":[{"start":{"line":80,"column":6},"end":{"line":80,"column":81}},{"start":{},"end":{}}],"line":80},"29":{"loc":{"start":{"line":93,"column":4},"end":{"line":98,"column":5}},"type":"if","locations":[{"start":{"line":93,"column":4},"end":{"line":98,"column":5}},{"start":{},"end":{}}],"line":93},"30":{"loc":{"start":{"line":95,"column":6},"end":{"line":95,"column":81}},"type":"if","locations":[{"start":{"line":95,"column":6},"end":{"line":95,"column":81}},{"start":{},"end":{}}],"line":95},"31":{"loc":{"start":{"line":101,"column":4},"end":{"line":106,"column":5}},"type":"if","locations":[{"start":{"line":101,"column":4},"end":{"line":106,"column":5}},{"start":{},"end":{}}],"line":101},"32":{"loc":{"start":{"line":103,"column":6},"end":{"line":103,"column":81}},"type":"if","locations":[{"start":{"line":103,"column":6},"end":{"line":103,"column":81}},{"start":{},"end":{}}],"line":103},"33":{"loc":{"start":{"line":109,"column":18},"end":{"line":109,"column":69}},"type":"binary-expr","locations":[{"start":{"line":109,"column":18},"end":{"line":109,"column":43}},{"start":{"line":109,"column":47},"end":{"line":109,"column":69}}],"line":109},"34":{"loc":{"start":{"line":113,"column":6},"end":{"line":113,"column":30}},"type":"binary-expr","locations":[{"start":{"line":113,"column":6},"end":{"line":113,"column":24}},{"start":{"line":113,"column":28},"end":{"line":113,"column":30}}],"line":113},"35":{"loc":{"start":{"line":114,"column":6},"end":{"line":114,"column":36}},"type":"binary-expr","locations":[{"start":{"line":114,"column":6},"end":{"line":114,"column":30}},{"start":{"line":114,"column":34},"end":{"line":114,"column":36}}],"line":114},"36":{"loc":{"start":{"line":139,"column":4},"end":{"line":144,"column":5}},"type":"if","locations":[{"start":{"line":139,"column":4},"end":{"line":144,"column":5}},{"start":{},"end":{}}],"line":139},"37":{"loc":{"start":{"line":141,"column":6},"end":{"line":141,"column":81}},"type":"if","locations":[{"start":{"line":141,"column":6},"end":{"line":141,"column":81}},{"start":{},"end":{}}],"line":141},"38":{"loc":{"start":{"line":155,"column":4},"end":{"line":155,"column":86}},"type":"if","locations":[{"start":{"line":155,"column":4},"end":{"line":155,"column":86}},{"start":{},"end":{}}],"line":155},"39":{"loc":{"start":{"line":160,"column":61},"end":{"line":160,"column":108}},"type":"binary-expr","locations":[{"start":{"line":160,"column":61},"end":{"line":160,"column":82}},{"start":{"line":160,"column":86},"end":{"line":160,"column":99}},{"start":{"line":160,"column":103},"end":{"line":160,"column":108}}],"line":160},"40":{"loc":{"start":{"line":162,"column":4},"end":{"line":162,"column":79}},"type":"if","locations":[{"start":{"line":162,"column":4},"end":{"line":162,"column":79}},{"start":{},"end":{}}],"line":162}},"s":{"0":1,"1":1,"2":1,"3":2,"4":1,"5":1,"6":0,"7":0,"8":0,"9":0,"10":0,"11":0,"12":0,"13":1,"14":0,"15":0,"16":0,"17":0,"18":0,"19":1,"20":0,"21":1,"22":2,"23":1,"24":2,"25":2,"26":2,"27":0,"28":2,"29":2,"30":0,"31":0,"32":0,"33":0,"34":0,"35":2,"36":2,"37":0,"38":0,"39":0,"40":0,"41":0,"42":2,"43":2,"44":1,"45":1,"46":0,"47":1,"48":1,"49":1,"50":1,"51":1,"52":1,"53":1,"54":0,"55":0,"56":0,"57":0,"58":0,"59":1,"60":1,"61":1,"62":0,"63":0,"64":0,"65":0,"66":0,"67":0,"68":0,"69":0},"f":{"0":2,"1":1,"2":1,"3":0,"4":0,"5":0,"6":2,"7":2},"b":{"0":[2,0],"1":[1,0],"2":[0,0],"3":[0,0,0],"4":[0],"5":[0],"6":[1,1],"7":[1,0],"8":[0,0],"9":[0,0],"10":[0,0],"11":[0,0],"12":[1,1],"13":[1,0],"14":[1,0],"15":[1,1],"16":[1,1],"17":[1,1],"18":[1,1],"19":[1,1],"20":[1,1],"21":[1,1],"22":[1,1],"23":[2,1,1,1],"24":[1,1],"25":[0,2],"26":[2,0],"27":[0,2],"28":[0,0],"29":[0,2],"30":[0,0],"31":[1,1],"32":[0,1],"33":[1,1],"34":[1,0],"35":[1,0],"36":[0,1],"37":[0,0],"38":[1,0],"39":[0,0,0],"40":[0,0]},"_coverageSchema":"1a1c01bbd47fc00a2c39e90264f33305004495a9","hash":"e09571bd46b3f41a9634f4cde08a7c40576d5d87"}
}
