TN:
SF:controllers/iaPlanController.js
FN:6,(anonymous_0)
FN:9,calcularEdad
FN:20,buildPrompt
FN:23,(anonymous_3)
FN:24,(anonymous_4)
FN:32,(anonymous_5)
FN:63,wantsJSON
FN:72,(anonymous_7)
FNF:8
FNH:5
FNDA:2,(anonymous_0)
FNDA:1,calcularEdad
FNDA:1,buildPrompt
FNDA:0,(anonymous_3)
FNDA:0,(anonymous_4)
FNDA:0,(anonymous_5)
FNDA:2,wantsJSON
FNDA:2,(anonymous_7)
DA:2,1
DA:3,1
DA:6,2
DA:10,1
DA:11,0
DA:12,0
DA:13,0
DA:14,0
DA:15,0
DA:16,0
DA:22,1
DA:23,0
DA:25,0
DA:26,0
DA:27,0
DA:28,0
DA:32,1
DA:34,1
DA:64,2
DA:72,1
DA:73,2
DA:74,2
DA:75,2
DA:77,2
DA:78,2
DA:79,0
DA:80,0
DA:81,0
DA:82,0
DA:86,2
DA:93,2
DA:94,0
DA:95,0
DA:96,0
DA:97,0
DA:100,2
DA:101,2
DA:102,1
DA:103,1
DA:104,1
DA:105,1
DA:109,1
DA:111,1
DA:118,1
DA:138,1
DA:139,1
DA:140,0
DA:141,0
DA:142,0
DA:143,0
DA:147,1
DA:155,1
DA:157,0
DA:158,0
DA:160,0
DA:161,0
DA:162,0
DA:163,0
DA:164,0
LF:59
LH:29
BRDA:6,0,0,2
BRDA:6,0,1,0
BRDA:10,1,0,1
BRDA:10,1,1,0
BRDA:15,2,0,0
BRDA:15,2,1,0
BRDA:15,3,0,0
BRDA:15,3,1,0
BRDA:15,3,2,0
BRDA:20,4,0,0
BRDA:20,5,0,0
BRDA:22,6,0,1
BRDA:22,6,1,1
BRDA:22,7,0,1
BRDA:22,7,1,0
BRDA:25,8,0,0
BRDA:25,8,1,0
BRDA:26,9,0,0
BRDA:26,9,1,0
BRDA:26,10,0,0
BRDA:26,10,1,0
BRDA:27,11,0,0
BRDA:27,11,1,0
BRDA:32,12,0,1
BRDA:32,12,1,1
BRDA:32,13,0,1
BRDA:32,13,1,0
BRDA:42,14,0,1
BRDA:42,14,1,0
BRDA:43,15,0,1
BRDA:43,15,1,1
BRDA:45,16,0,1
BRDA:45,16,1,1
BRDA:46,17,0,1
BRDA:46,17,1,1
BRDA:47,18,0,1
BRDA:47,18,1,1
BRDA:48,19,0,1
BRDA:48,19,1,1
BRDA:49,20,0,1
BRDA:49,20,1,1
BRDA:50,21,0,1
BRDA:50,21,1,1
BRDA:51,22,0,1
BRDA:51,22,1,1
BRDA:65,23,0,2
BRDA:65,23,1,1
BRDA:65,23,2,1
BRDA:65,23,3,1
BRDA:67,24,0,1
BRDA:67,24,1,1
BRDA:75,25,0,0
BRDA:75,25,1,2
BRDA:77,26,0,2
BRDA:77,26,1,0
BRDA:78,27,0,0
BRDA:78,27,1,2
BRDA:80,28,0,0
BRDA:80,28,1,0
BRDA:93,29,0,0
BRDA:93,29,1,2
BRDA:95,30,0,0
BRDA:95,30,1,0
BRDA:101,31,0,1
BRDA:101,31,1,1
BRDA:103,32,0,0
BRDA:103,32,1,1
BRDA:109,33,0,1
BRDA:109,33,1,1
BRDA:113,34,0,1
BRDA:113,34,1,0
BRDA:114,35,0,1
BRDA:114,35,1,0
BRDA:139,36,0,0
BRDA:139,36,1,1
BRDA:141,37,0,0
BRDA:141,37,1,0
BRDA:155,38,0,1
BRDA:155,38,1,0
BRDA:160,39,0,0
BRDA:160,39,1,0
BRDA:160,39,2,0
BRDA:162,40,0,0
BRDA:162,40,1,0
BRF:84
BRH:44
end_of_record
